-------------------------------------------------------------------------------
Test set: com.journaldev.spring.SpringBootRestApplicationTests
-------------------------------------------------------------------------------
Tests run: 1, Failures: 0, Errors: 1, Skipped: 0, Time elapsed: 0.432 s <<< FAILURE! - in com.journaldev.spring.SpringBootRestApplicationTests
initializationError(com.journaldev.spring.SpringBootRestApplicationTests)  Time elapsed: 0.007 s  <<< ERROR!
java.lang.IllegalStateException: Unable to find a @SpringBootConfiguration, you need to use @ContextConfiguration or @SpringBootTest(classes=...) with your test

